absl-py==1.3.0
antlr4-python3-runtime==4.9.3
backcall==0.2.0
black==22.3.0
brotlipy==0.7.0
cachetools==5.2.0
certifi @ file:///croot/certifi_1665076670883/work/certifi
cffi @ file:///tmp/abs_98z5h56wf8/croots/recipe/cffi_1659598650955/work
charset-normalizer==2.1.1
click==8.1.3
cloudpickle==2.2.0
contourpy==1.0.5
cryptography @ file:///tmp/build/80754af9/cryptography_1652101588893/work
cycler==0.11.0
debugpy==1.4.1
decorator==5.0.9
entrypoints==0.3
fairscale==0.4.12
filelock==3.8.0
fonttools==4.38.0
future==0.18.2
fvcore==0.1.5.post20220512
google-auth==2.13.0
google-auth-oauthlib==0.4.6
grpcio==1.50.0
huggingface-hub==0.10.1
hydra-core==1.2.0
idna @ file:///croot/idna_1666125576474/work
importlib-metadata==5.0.0
iopath==0.1.9
ipykernel==6.2.0
ipython==7.26.0
ipython-genutils==0.2.0
jedi==0.18.0
jupyter-client==7.0.1
jupyter-core==4.7.1
kiwisolver==1.4.4
Markdown==3.4.1
MarkupSafe==2.1.1
matplotlib==3.6.1
matplotlib-inline==0.1.2
mkl-fft==1.3.1
mkl-random @ file:///tmp/build/80754af9/mkl_random_1626186066731/work
mkl-service==2.4.0
mypy-extensions==0.4.3
nest-asyncio==1.5.1
numpy==1.23.4
oauthlib==3.2.2
omegaconf==2.2.3
packaging==21.3
parso==0.8.2
pathspec==0.10.1
pexpect==4.8.0
pickleshare==0.7.5
Pillow==9.2.0
platformdirs==2.5.2
portalocker==2.6.0
prompt-toolkit==3.0.20
protobuf==3.19.6
ptyprocess==0.7.0
pyasn1==0.4.8
pyasn1-modules==0.2.8
pycocotools==2.0.5
pycparser @ file:///tmp/build/80754af9/pycparser_1636541352034/work
pydot==1.4.2
Pygments==2.10.0
pyOpenSSL @ file:///opt/conda/conda-bld/pyopenssl_1643788558760/work
pyparsing==3.0.9
PySocks @ file:///tmp/build/80754af9/pysocks_1605305812635/work
python-dateutil==2.8.2
PyYAML==6.0
pyzmq==22.2.1
requests @ file:///opt/conda/conda-bld/requests_1657734628632/work
requests-oauthlib==1.3.1
rsa==4.9
six @ file:///tmp/build/80754af9/six_1644875935023/work
tabulate==0.9.0
tensorboard==2.10.1
tensorboard-data-server==0.6.1
tensorboard-plugin-wit==1.8.1
termcolor==2.0.1
timm==0.6.11
tomli==2.0.1
torch==1.11.0
torchaudio==0.12.1
torchvision==0.13.1
tornado==6.1
tqdm==4.64.1
traitlets==5.0.5
typing_extensions==4.4.0
urllib3 @ file:///croot/urllib3_1666298941550/work
wcwidth==0.2.5
Werkzeug==2.2.2
yacs==0.1.8
zipp==3.9.0
